app/build/intermediates/manifest_merge_blame_file/debug/manifest-merger-blame-debug-report.txt
1<?xml version="1.0" encoding="utf-8"?>
2<manifest xmlns:android="http://schemas.android.com/apk/res/android"
3    package="com.michaelwoodroof.culinaryassistant"
4    android:versionCode="1"
5    android:versionName="1.0" >
6
7    <uses-sdk
8        android:minSdkVersion="21"
8-->src\main\AndroidManifest.xml
9        android:targetSdkVersion="28" />
9-->src\main\AndroidManifest.xml
10
11    <uses-permission android:name="android.permission.READ_EXTERNAL_STORAGE" />
11-->src\main\AndroidManifest.xml:5:5-80
11-->src\main\AndroidManifest.xml:5:22-77
12    <uses-permission android:name="android.permission.WAKE_LOCK" />
12-->src\main\AndroidManifest.xml:6:5-68
12-->src\main\AndroidManifest.xml:6:22-65
13    <uses-permission android:name="android.permission.RECEIVE_BOOT_COMPLETED" />
13-->src\main\AndroidManifest.xml:7:5-81
13-->src\main\AndroidManifest.xml:7:22-78
14    <uses-permission android:name="android.permission.ACCESS_NETWORK_STATE" />
14-->[org.mongodb:stitch-android-core:4.5.0] AndroidManifest.xml:11:5-79
14-->[org.mongodb:stitch-android-core:4.5.0] AndroidManifest.xml:11:22-76
15    <uses-permission android:name="android.permission.INTERNET" />
15-->[org.mongodb:stitch-android-core:4.5.0] AndroidManifest.xml:12:5-67
15-->[org.mongodb:stitch-android-core:4.5.0] AndroidManifest.xml:12:22-64
16
17    <application
17-->src\main\AndroidManifest.xml:9:5-46:19
18        android:allowBackup="true"
18-->src\main\AndroidManifest.xml:10:9-35
19        android:appComponentFactory="androidx.core.app.CoreComponentFactory"
19-->[androidx.core:core:1.2.0] AndroidManifest.xml:24:18-86
20        android:debuggable="true"
21        android:icon="@mipmap/ic_launcher"
21-->src\main\AndroidManifest.xml:11:9-43
22        android:label="@string/app_name"
22-->src\main\AndroidManifest.xml:12:9-41
23        android:roundIcon="@mipmap/ic_launcher_round"
23-->src\main\AndroidManifest.xml:13:9-54
24        android:supportsRtl="true"
24-->src\main\AndroidManifest.xml:14:9-35
25        android:testOnly="true"
26        android:theme="@style/AppTheme" >
26-->src\main\AndroidManifest.xml:15:9-40
27        <activity android:name="com.michaelwoodroof.culinaryassistant.SearchActivity" />
27-->src\main\AndroidManifest.xml:16:9-61
27-->src\main\AndroidManifest.xml:16:19-49
28        <activity android:name="com.michaelwoodroof.culinaryassistant.ShoppingList" />
28-->src\main\AndroidManifest.xml:17:9-50
28-->src\main\AndroidManifest.xml:17:19-47
29        <activity android:name="com.michaelwoodroof.culinaryassistant.DebugMenu" />
29-->src\main\AndroidManifest.xml:18:9-47
29-->src\main\AndroidManifest.xml:18:19-44
30        <activity android:name="com.michaelwoodroof.culinaryassistant.mealPlanner.MealPlanner" />
30-->src\main\AndroidManifest.xml:19:9-61
30-->src\main\AndroidManifest.xml:19:19-58
31        <activity android:name="com.michaelwoodroof.culinaryassistant.LocalRecipes" />
31-->src\main\AndroidManifest.xml:20:9-50
31-->src\main\AndroidManifest.xml:20:19-47
32        <activity android:name="com.michaelwoodroof.culinaryassistant.overviews.RecipeDetail" />
32-->src\main\AndroidManifest.xml:21:9-60
32-->src\main\AndroidManifest.xml:21:19-57
33        <activity android:name="com.michaelwoodroof.culinaryassistant.overviews.RecipeOverview" />
33-->src\main\AndroidManifest.xml:22:9-62
33-->src\main\AndroidManifest.xml:22:19-59
34        <activity android:name="com.michaelwoodroof.culinaryassistant.login.AccountSignUp" />
34-->src\main\AndroidManifest.xml:23:9-57
34-->src\main\AndroidManifest.xml:23:19-54
35        <activity android:name="com.michaelwoodroof.culinaryassistant.login.AccountInfo" />
35-->src\main\AndroidManifest.xml:24:9-55
35-->src\main\AndroidManifest.xml:24:19-52
36        <activity android:name="com.michaelwoodroof.culinaryassistant.login.Login" />
36-->src\main\AndroidManifest.xml:25:9-49
36-->src\main\AndroidManifest.xml:25:19-46
37        <activity android:name="com.michaelwoodroof.culinaryassistant.overviews.Categories" />
37-->src\main\AndroidManifest.xml:26:9-58
37-->src\main\AndroidManifest.xml:26:19-55
38        <activity android:name="com.michaelwoodroof.culinaryassistant.createRecipe.CreateRecipeS5" />
38-->src\main\AndroidManifest.xml:27:9-65
38-->src\main\AndroidManifest.xml:27:19-62
39        <activity android:name="com.michaelwoodroof.culinaryassistant.createRecipe.CreateRecipeS4" />
39-->src\main\AndroidManifest.xml:28:9-65
39-->src\main\AndroidManifest.xml:28:19-62
40        <activity android:name="com.michaelwoodroof.culinaryassistant.createRecipe.CreateRecipeS3" />
40-->src\main\AndroidManifest.xml:29:9-65
40-->src\main\AndroidManifest.xml:29:19-62
41        <activity android:name="com.michaelwoodroof.culinaryassistant.createRecipe.CreateRecipeS2" />
41-->src\main\AndroidManifest.xml:30:9-65
41-->src\main\AndroidManifest.xml:30:19-62
42        <activity android:name="com.michaelwoodroof.culinaryassistant.createRecipe.CreateRecipeS1" />
42-->src\main\AndroidManifest.xml:31:9-65
42-->src\main\AndroidManifest.xml:31:19-62
43
44        <receiver android:name="com.michaelwoodroof.culinaryassistant.helper.NotificationReceiver" />
44-->src\main\AndroidManifest.xml:33:9-65
44-->src\main\AndroidManifest.xml:33:19-62
45
46        <activity android:name="com.michaelwoodroof.culinaryassistant.MainActivity" >
46-->src\main\AndroidManifest.xml:35:9-41:20
46-->src\main\AndroidManifest.xml:35:19-47
47            <intent-filter>
47-->src\main\AndroidManifest.xml:36:13-40:29
48                <action android:name="android.intent.action.MAIN" />
48-->src\main\AndroidManifest.xml:37:17-69
48-->src\main\AndroidManifest.xml:37:25-66
49
50                <category android:name="android.intent.category.LAUNCHER" />
50-->src\main\AndroidManifest.xml:39:17-77
50-->src\main\AndroidManifest.xml:39:27-74
51            </intent-filter>
52        </activity>
53
54        <meta-data
54-->src\main\AndroidManifest.xml:43:9-45:57
55            android:name="preloaded_fonts"
55-->src\main\AndroidManifest.xml:44:13-43
56            android:resource="@array/preloaded_fonts" />
56-->src\main\AndroidManifest.xml:45:13-54
57        <!-- MongoDbMobileProvider initialize MongoDB Mobile for future usage -->
58        <provider
58-->[org.mongodb:stitch-android-services-mongodb-local:4.5.0] AndroidManifest.xml:14:9-17:40
59            android:name="com.mongodb.stitch.android.services.mongodb.local.internal.MongoDbMobileProvider"
59-->[org.mongodb:stitch-android-services-mongodb-local:4.5.0] AndroidManifest.xml:15:13-108
60            android:authorities="com.michaelwoodroof.culinaryassistant.StitchMongoDBMobileProvider"
60-->[org.mongodb:stitch-android-services-mongodb-local:4.5.0] AndroidManifest.xml:16:13-79
61            android:exported="false" />
61-->[org.mongodb:stitch-android-services-mongodb-local:4.5.0] AndroidManifest.xml:17:13-37
62        <!--
63          StitchInitProvider is a ContentProvider that will associate the application's Context
64          with Stitch. It also will look for resource values such as stitch_client_app_id to register
65           a default app client.
66        -->
67        <provider
67-->[org.mongodb:stitch-android-core:4.5.0] AndroidManifest.xml:21:9-24:40
68            android:name="com.mongodb.stitch.android.core.internal.StitchInitProvider"
68-->[org.mongodb:stitch-android-core:4.5.0] AndroidManifest.xml:22:13-87
69            android:authorities="com.michaelwoodroof.culinaryassistant.StitchInitProvider"
69-->[org.mongodb:stitch-android-core:4.5.0] AndroidManifest.xml:23:13-70
70            android:exported="false" />
70-->[org.mongodb:stitch-android-core:4.5.0] AndroidManifest.xml:24:13-37
71
72        <meta-data
72-->[com.google.android.gms:play-services-basement:15.0.1] AndroidManifest.xml:23:9-25:69
73            android:name="com.google.android.gms.version"
73-->[com.google.android.gms:play-services-basement:15.0.1] AndroidManifest.xml:24:13-58
74            android:value="@integer/google_play_services_version" />
74-->[com.google.android.gms:play-services-basement:15.0.1] AndroidManifest.xml:25:13-66
75
76        <provider
76-->[androidx.lifecycle:lifecycle-process:2.2.0] AndroidManifest.xml:25:9-29:43
77            android:name="androidx.lifecycle.ProcessLifecycleOwnerInitializer"
77-->[androidx.lifecycle:lifecycle-process:2.2.0] AndroidManifest.xml:26:13-79
78            android:authorities="com.michaelwoodroof.culinaryassistant.lifecycle-process"
78-->[androidx.lifecycle:lifecycle-process:2.2.0] AndroidManifest.xml:27:13-69
79            android:exported="false"
79-->[androidx.lifecycle:lifecycle-process:2.2.0] AndroidManifest.xml:28:13-37
80            android:multiprocess="true" />
80-->[androidx.lifecycle:lifecycle-process:2.2.0] AndroidManifest.xml:29:13-40
81    </application>
82
83</manifest>